<?xml version="1.0" encoding="UTF-8" ?>
<testsuites>
  <testsuite errors="0" failures="1" hostname="LAPTOP-MKHIF20I" id="0" name="SuiteRunner" package="testCases" skipped="0" tests="4" time="105.7" timestamp="2016-07-02T19:13:31">
      <properties>
[...]
</properties>

      <testcase classname="testCases.LoginTestCase" name="loginTest[0]" time="13.362" />

      <testcase classname="testCases.LoginTestCase" name="loginTest[1]" time="40.572">
          <failure message="Login Failed" type="junit.framework.AssertionFailedError">junit.framework.AssertionFailedError: Login Failed
	at testCases.LoginTestCase.loginTest(LoginTestCase.java:70)
</failure>

      </testcase>

      <testcase classname="testCases.bookFlightTestCase" name="bookFlight[0]" time="28.175" />

      <testcase classname="testCases.bookFlightTestCase" name="bookFlight[1]" time="23.464" />

      <system-out><![CDATA[]]></system-out>

      <system-err><![CDATA[Starting ChromeDriver (v2.9.248315) on port 35673
Starting ChromeDriver (v2.9.248315) on port 14355
Starting ChromeDriver (v2.9.248315) on port 40879
Starting ChromeDriver (v2.9.248315) on port 41925
]]></system-err>

  </testsuite>
</testsuites>
